<?xml version="1.0" encoding="UTF-8"?>
<!-- Generated by org.testng.reporters.JUnitReportReporter -->
<testsuite hostname="DESKTOP-GILPOQ4" failures="0" tests="3" name="sample.Grouping" time="0.029" errors="0" timestamp="2021-06-12T20:05:59 IST" skipped="0">
  <testcase classname="sample.Grouping" name="test3" time="0.007"/>
  <system-out/>
  <testcase classname="sample.Grouping" name="test4" time="0.009"/>
  <system-out/>
  <testcase classname="sample.Grouping" name="test2" time="0.013"/>
  <system-out/>
</testsuite> <!-- sample.Grouping -->
