<?xml version="1.0" encoding="UTF-8"?>
<!-- Generated by org.testng.reporters.JUnitReportReporter -->
<testsuite hostname="DESKTOP-GILPOQ4" failures="0" tests="4" name="sample.Priority" time="0.034" errors="0" timestamp="2021-06-12T19:37:10 IST" skipped="1">
  <testcase classname="sample.Priority" name="TestTwo" time="0.002"/>
  <system-out/>
  <testcase classname="sample.Priority" name="TestOne" time="0.026"/>
  <system-out/>
  <testcase classname="sample.Priority" name="TestThree" time="0.006"/>
  <system-out/>
  <testcase classname="sample.Priority" name="TestFour">
    <skipped/>
  </testcase> <!-- TestFour -->
  <system-out/>
</testsuite> <!-- sample.Priority -->
