<?xml version="1.0" encoding="UTF-8"?>
<!-- Generated by org.testng.reporters.JUnitReportReporter -->
<testsuite hostname="DESKTOP-GILPOQ4" failures="0" tests="5" name="sample.DataProvider2" time="0.050" errors="0" timestamp="2021-06-13T13:57:04 IST" skipped="0">
  <testcase classname="sample.DataProvider2" name="loginTest" time="0.003"/>
  <system-out/>
  <testcase classname="sample.DataProvider2" name="loginTest" time="0.008"/>
  <system-out/>
  <testcase classname="sample.DataProvider2" name="loginTest" time="0.019"/>
  <system-out/>
  <testcase classname="sample.DataProvider2" name="loginTest" time="0.006"/>
  <system-out/>
  <testcase classname="sample.DataProvider2" name="loginTest" time="0.014"/>
  <system-out/>
</testsuite> <!-- sample.DataProvider2 -->
