<?xml version="1.0" encoding="UTF-8"?>
<!-- Generated by org.testng.reporters.JUnitReportReporter -->
<testsuite hostname="DESKTOP-GILPOQ4" failures="0" tests="3" name="sample.DataProvider1" time="0.034" errors="0" timestamp="2021-06-13T13:46:57 IST" skipped="0">
  <testcase classname="sample.DataProvider1" name="loginTest" time="0.001"/>
  <system-out/>
  <testcase classname="sample.DataProvider1" name="loginTest" time="0.027"/>
  <system-out/>
  <testcase classname="sample.DataProvider1" name="loginTest" time="0.006"/>
  <system-out/>
</testsuite> <!-- sample.DataProvider1 -->
