<?xml version="1.0" encoding="UTF-8"?>
<!-- Generated by org.testng.reporters.JUnitReportReporter -->
<testsuite hostname="DESKTOP-GILPOQ4" failures="0" tests="3" name="sample.Test1" time="0.021" errors="0" timestamp="2021-06-12T17:34:18 IST" skipped="0">
  <testcase classname="sample.Test1" name="login" time="0.016"/>
  <system-out/>
  <testcase classname="sample.Test1" name="setup" time="0.003"/>
  <system-out/>
  <testcase classname="sample.Test1" name="teardown" time="0.002"/>
  <system-out/>
</testsuite> <!-- sample.Test1 -->
