<?xml version="1.0" encoding="UTF-8"?>
<!-- Generated by org.testng.reporters.JUnitReportReporter -->
<testsuite hostname="DESKTOP-GILPOQ4" failures="0" tests="2" name="sample.TC3" time="0.013" errors="0" timestamp="2021-06-12T17:57:43 IST" skipped="0">
  <testcase classname="sample.TC3" name="test3" time="0.006"/>
  <system-out/>
  <testcase classname="sample.TC3" name="test4" time="0.007"/>
  <system-out/>
</testsuite> <!-- sample.TC3 -->
