<?xml version="1.0" encoding="UTF-8"?>
<!-- Generated by org.testng.reporters.JUnitReportReporter -->
<testsuite hostname="DESKTOP-GILPOQ4" failures="0" tests="2" name="sample.TC1" time="0.139" errors="0" timestamp="2021-06-12T16:57:13 IST" skipped="0">
  <testcase classname="sample.TC1" name="test1" time="0.125"/>
  <system-out/>
  <testcase classname="sample.TC1" name="test2" time="0.014"/>
  <system-out/>
</testsuite> <!-- sample.TC1 -->
