<?xml version="1.0" encoding="UTF-8"?>
<!-- Generated by org.testng.reporters.JUnitReportReporter -->
<testsuite hostname="DESKTOP-GILPOQ4" failures="0" tests="2" name="sample.TC2" time="0.022" errors="0" timestamp="2021-06-12T17:57:43 IST" skipped="0">
  <testcase classname="sample.TC2" name="test1" time="0.012"/>
  <system-out/>
  <testcase classname="sample.TC2" name="test2" time="0.010"/>
  <system-out/>
</testsuite> <!-- sample.TC2 -->
